{"/Users/himanshuyadav/Desktop/ReactJS/src/components/Body.js": {"path":"/Users/himanshuyadav/Desktop/ReactJS/src/components/Body.js","statementMap":{"0":{"start":{"line":9,"column":13},"end":{"line":94,"column":1}},"1":{"start":{"line":10,"column":46},"end":{"line":10,"column":58}},"2":{"start":{"line":11,"column":56},"end":{"line":11,"column":68}},"3":{"start":{"line":12,"column":38},"end":{"line":12,"column":50}},"4":{"start":{"line":14,"column":19},"end":{"line":14,"column":42}},"5":{"start":{"line":16,"column":2},"end":{"line":18,"column":9}},"6":{"start":{"line":17,"column":4},"end":{"line":17,"column":21}},"7":{"start":{"line":21,"column":17},"end":{"line":23,"column":5}},"8":{"start":{"line":25,"column":17},"end":{"line":25,"column":34}},"9":{"start":{"line":27,"column":6},"end":{"line":28,"column":21}},"10":{"start":{"line":30,"column":4},"end":{"line":30,"column":41}},"11":{"start":{"line":31,"column":4},"end":{"line":31,"column":46}},"12":{"start":{"line":34,"column":19},"end":{"line":34,"column":30}},"13":{"start":{"line":36,"column":2},"end":{"line":42,"column":3}},"14":{"start":{"line":37,"column":4},"end":{"line":41,"column":6}},"15":{"start":{"line":44,"column":23},"end":{"line":47,"column":3}},"16":{"start":{"line":45,"column":17},"end":{"line":45,"column":57}},"17":{"start":{"line":46,"column":4},"end":{"line":46,"column":33}},"18":{"start":{"line":49,"column":2},"end":{"line":49,"column":35}},"19":{"start":{"line":49,"column":23},"end":{"line":49,"column":35}},"20":{"start":{"line":51,"column":2},"end":{"line":93,"column":4}},"21":{"start":{"line":63,"column":27},"end":{"line":63,"column":56}},"22":{"start":{"line":78,"column":12},"end":{"line":84,"column":19}}},"fnMap":{"0":{"name":"(anonymous_0)","decl":{"start":{"line":9,"column":13},"end":{"line":9,"column":14}},"loc":{"start":{"line":9,"column":19},"end":{"line":94,"column":1}},"line":9},"1":{"name":"(anonymous_1)","decl":{"start":{"line":16,"column":12},"end":{"line":16,"column":13}},"loc":{"start":{"line":16,"column":18},"end":{"line":18,"column":3}},"line":16},"2":{"name":"getRestaurants","decl":{"start":{"line":20,"column":17},"end":{"line":20,"column":31}},"loc":{"start":{"line":20,"column":34},"end":{"line":32,"column":3}},"line":20},"3":{"name":"(anonymous_3)","decl":{"start":{"line":44,"column":23},"end":{"line":44,"column":24}},"loc":{"start":{"line":44,"column":29},"end":{"line":47,"column":3}},"line":44},"4":{"name":"(anonymous_4)","decl":{"start":{"line":63,"column":20},"end":{"line":63,"column":21}},"loc":{"start":{"line":63,"column":27},"end":{"line":63,"column":56}},"line":63},"5":{"name":"(anonymous_5)","decl":{"start":{"line":77,"column":35},"end":{"line":77,"column":36}},"loc":{"start":{"line":78,"column":12},"end":{"line":84,"column":19}},"line":78}},"branchMap":{"0":{"loc":{"start":{"line":30,"column":22},"end":{"line":30,"column":39}},"type":"binary-expr","locations":[{"start":{"line":30,"column":22},"end":{"line":30,"column":33}},{"start":{"line":30,"column":37},"end":{"line":30,"column":39}}],"line":30},"1":{"loc":{"start":{"line":31,"column":27},"end":{"line":31,"column":44}},"type":"binary-expr","locations":[{"start":{"line":31,"column":27},"end":{"line":31,"column":38}},{"start":{"line":31,"column":42},"end":{"line":31,"column":44}}],"line":31},"2":{"loc":{"start":{"line":36,"column":2},"end":{"line":42,"column":3}},"type":"if","locations":[{"start":{"line":36,"column":2},"end":{"line":42,"column":3}},{"start":{},"end":{}}],"line":36},"3":{"loc":{"start":{"line":49,"column":2},"end":{"line":49,"column":35}},"type":"if","locations":[{"start":{"line":49,"column":2},"end":{"line":49,"column":35}},{"start":{},"end":{}}],"line":49},"4":{"loc":{"start":{"line":51,"column":9},"end":{"line":93,"column":3}},"type":"cond-expr","locations":[{"start":{"line":52,"column":4},"end":{"line":52,"column":15}},{"start":{"line":54,"column":4},"end":{"line":92,"column":10}}],"line":51},"5":{"loc":{"start":{"line":76,"column":9},"end":{"line":90,"column":9}},"type":"cond-expr","locations":[{"start":{"line":77,"column":10},"end":{"line":85,"column":12}},{"start":{"line":87,"column":10},"end":{"line":89,"column":15}}],"line":76}},"s":{"0":1,"1":8,"2":7,"3":7,"4":7,"5":7,"6":3,"7":3,"8":3,"9":3,"10":3,"11":3,"12":7,"13":7,"14":0,"15":7,"16":1,"17":1,"18":7,"19":0,"20":7,"21":1,"22":60},"f":{"0":8,"1":3,"2":3,"3":1,"4":1,"5":60},"b":{"0":[3,0],"1":[3,0],"2":[0,7],"3":[0,7],"4":[3,4],"5":[3,1]},"_coverageSchema":"1a1c01bbd47fc00a2c39e90264f33305004495a9","hash":"2835d53b111505e73b7a74790bef72108de1f3bb"}
,"/Users/himanshuyadav/Desktop/ReactJS/src/components/Card.js": {"path":"/Users/himanshuyadav/Desktop/ReactJS/src/components/Card.js","statementMap":{"0":{"start":{"line":3,"column":30},"end":{"line":42,"column":1}},"1":{"start":{"line":4,"column":2},"end":{"line":41,"column":4}}},"fnMap":{"0":{"name":"(anonymous_0)","decl":{"start":{"line":3,"column":30},"end":{"line":3,"column":31}},"loc":{"start":{"line":3,"column":55},"end":{"line":42,"column":1}},"line":3}},"branchMap":{"0":{"loc":{"start":{"line":17,"column":11},"end":{"line":17,"column":52}},"type":"binary-expr","locations":[{"start":{"line":17,"column":11},"end":{"line":17,"column":43}},{"start":{"line":17,"column":47},"end":{"line":17,"column":52}}],"line":17}},"s":{"0":1,"1":60},"f":{"0":60},"b":{"0":[60,33]},"_coverageSchema":"1a1c01bbd47fc00a2c39e90264f33305004495a9","hash":"0e24c87e44430aed5ce962dfe949499a8c77904f"}
,"/Users/himanshuyadav/Desktop/ReactJS/src/components/Header.js": {"path":"/Users/himanshuyadav/Desktop/ReactJS/src/components/Header.js","statementMap":{"0":{"start":{"line":8,"column":14},"end":{"line":13,"column":1}},"1":{"start":{"line":9,"column":2},"end":{"line":12,"column":6}},"2":{"start":{"line":15,"column":15},"end":{"line":211,"column":1}},"3":{"start":{"line":16,"column":38},"end":{"line":16,"column":53}},"4":{"start":{"line":17,"column":38},"end":{"line":17,"column":53}},"5":{"start":{"line":19,"column":19},"end":{"line":19,"column":30}},"6":{"start":{"line":20,"column":2},"end":{"line":20,"column":36}},"7":{"start":{"line":22,"column":19},"end":{"line":22,"column":42}},"8":{"start":{"line":23,"column":20},"end":{"line":23,"column":54}},"9":{"start":{"line":23,"column":43},"end":{"line":23,"column":53}},"10":{"start":{"line":24,"column":21},"end":{"line":27,"column":3}},"11":{"start":{"line":25,"column":21},"end":{"line":25,"column":42}},"12":{"start":{"line":29,"column":2},"end":{"line":29,"column":20}},"13":{"start":{"line":31,"column":2},"end":{"line":210,"column":4}},"14":{"start":{"line":77,"column":29},"end":{"line":77,"column":49}},"15":{"start":{"line":84,"column":29},"end":{"line":84,"column":48}},"16":{"start":{"line":95,"column":27},"end":{"line":95,"column":53}},"17":{"start":{"line":123,"column":31},"end":{"line":123,"column":51}},"18":{"start":{"line":147,"column":33},"end":{"line":147,"column":53}},"19":{"start":{"line":156,"column":33},"end":{"line":156,"column":53}},"20":{"start":{"line":165,"column":33},"end":{"line":165,"column":53}},"21":{"start":{"line":174,"column":33},"end":{"line":174,"column":53}},"22":{"start":{"line":183,"column":33},"end":{"line":183,"column":53}},"23":{"start":{"line":191,"column":35},"end":{"line":191,"column":55}},"24":{"start":{"line":198,"column":35},"end":{"line":198,"column":54}}},"fnMap":{"0":{"name":"(anonymous_0)","decl":{"start":{"line":8,"column":14},"end":{"line":8,"column":15}},"loc":{"start":{"line":9,"column":2},"end":{"line":12,"column":6}},"line":9},"1":{"name":"(anonymous_1)","decl":{"start":{"line":15,"column":15},"end":{"line":15,"column":16}},"loc":{"start":{"line":15,"column":21},"end":{"line":211,"column":1}},"line":15},"2":{"name":"(anonymous_2)","decl":{"start":{"line":23,"column":32},"end":{"line":23,"column":33}},"loc":{"start":{"line":23,"column":43},"end":{"line":23,"column":53}},"line":23},"3":{"name":"(anonymous_3)","decl":{"start":{"line":25,"column":4},"end":{"line":25,"column":5}},"loc":{"start":{"line":25,"column":21},"end":{"line":25,"column":42}},"line":25},"4":{"name":"(anonymous_4)","decl":{"start":{"line":77,"column":23},"end":{"line":77,"column":24}},"loc":{"start":{"line":77,"column":29},"end":{"line":77,"column":49}},"line":77},"5":{"name":"(anonymous_5)","decl":{"start":{"line":84,"column":23},"end":{"line":84,"column":24}},"loc":{"start":{"line":84,"column":29},"end":{"line":84,"column":48}},"line":84},"6":{"name":"(anonymous_6)","decl":{"start":{"line":95,"column":21},"end":{"line":95,"column":22}},"loc":{"start":{"line":95,"column":27},"end":{"line":95,"column":53}},"line":95},"7":{"name":"(anonymous_7)","decl":{"start":{"line":123,"column":25},"end":{"line":123,"column":26}},"loc":{"start":{"line":123,"column":31},"end":{"line":123,"column":51}},"line":123},"8":{"name":"(anonymous_8)","decl":{"start":{"line":147,"column":27},"end":{"line":147,"column":28}},"loc":{"start":{"line":147,"column":33},"end":{"line":147,"column":53}},"line":147},"9":{"name":"(anonymous_9)","decl":{"start":{"line":156,"column":27},"end":{"line":156,"column":28}},"loc":{"start":{"line":156,"column":33},"end":{"line":156,"column":53}},"line":156},"10":{"name":"(anonymous_10)","decl":{"start":{"line":165,"column":27},"end":{"line":165,"column":28}},"loc":{"start":{"line":165,"column":33},"end":{"line":165,"column":53}},"line":165},"11":{"name":"(anonymous_11)","decl":{"start":{"line":174,"column":27},"end":{"line":174,"column":28}},"loc":{"start":{"line":174,"column":33},"end":{"line":174,"column":53}},"line":174},"12":{"name":"(anonymous_12)","decl":{"start":{"line":183,"column":27},"end":{"line":183,"column":28}},"loc":{"start":{"line":183,"column":33},"end":{"line":183,"column":53}},"line":183},"13":{"name":"(anonymous_13)","decl":{"start":{"line":191,"column":29},"end":{"line":191,"column":30}},"loc":{"start":{"line":191,"column":35},"end":{"line":191,"column":55}},"line":191},"14":{"name":"(anonymous_14)","decl":{"start":{"line":198,"column":29},"end":{"line":198,"column":30}},"loc":{"start":{"line":198,"column":35},"end":{"line":198,"column":54}},"line":198}},"branchMap":{"0":{"loc":{"start":{"line":73,"column":45},"end":{"line":73,"column":67}},"type":"cond-expr","locations":[{"start":{"line":73,"column":56},"end":{"line":73,"column":60}},{"start":{"line":73,"column":63},"end":{"line":73,"column":67}}],"line":73},"1":{"loc":{"start":{"line":75,"column":11},"end":{"line":89,"column":11}},"type":"cond-expr","locations":[{"start":{"line":76,"column":12},"end":{"line":81,"column":21}},{"start":{"line":83,"column":12},"end":{"line":88,"column":21}}],"line":75},"2":{"loc":{"start":{"line":117,"column":7},"end":{"line":208,"column":7}},"type":"binary-expr","locations":[{"start":{"line":117,"column":7},"end":{"line":117,"column":17}},{"start":{"line":118,"column":8},"end":{"line":207,"column":14}}],"line":117},"3":{"loc":{"start":{"line":189,"column":17},"end":{"line":203,"column":17}},"type":"cond-expr","locations":[{"start":{"line":190,"column":18},"end":{"line":195,"column":27}},{"start":{"line":197,"column":18},"end":{"line":202,"column":27}}],"line":189}},"s":{"0":2,"1":6,"2":2,"3":6,"4":6,"5":6,"6":6,"7":6,"8":6,"9":12,"10":6,"11":3,"12":6,"13":6,"14":0,"15":0,"16":0,"17":0,"18":0,"19":0,"20":0,"21":0,"22":0,"23":0,"24":0},"f":{"0":6,"1":6,"2":12,"3":3,"4":0,"5":0,"6":0,"7":0,"8":0,"9":0,"10":0,"11":0,"12":0,"13":0,"14":0},"b":{"0":[6,0],"1":[0,6],"2":[6,0],"3":[0,0]},"_coverageSchema":"1a1c01bbd47fc00a2c39e90264f33305004495a9","hash":"0e53c499623cc2a382aae7c063baa589d05559f0"}
,"/Users/himanshuyadav/Desktop/ReactJS/src/components/RestaurantDetail.js": {"path":"/Users/himanshuyadav/Desktop/ReactJS/src/components/RestaurantDetail.js","statementMap":{"0":{"start":{"line":9,"column":25},"end":{"line":112,"column":1}},"1":{"start":{"line":10,"column":17},"end":{"line":10,"column":28}},"2":{"start":{"line":11,"column":21},"end":{"line":11,"column":38}},"3":{"start":{"line":12,"column":19},"end":{"line":12,"column":32}},"4":{"start":{"line":13,"column":15},"end":{"line":13,"column":49}},"5":{"start":{"line":13,"column":38},"end":{"line":13,"column":48}},"6":{"start":{"line":14,"column":2},"end":{"line":14,"column":20}},"7":{"start":{"line":16,"column":26},"end":{"line":19,"column":3}},"8":{"start":{"line":17,"column":17},"end":{"line":17,"column":64}},"9":{"start":{"line":17,"column":41},"end":{"line":17,"column":63}},"10":{"start":{"line":18,"column":4},"end":{"line":18,"column":36}},"11":{"start":{"line":21,"column":24},"end":{"line":24,"column":3}},"12":{"start":{"line":22,"column":4},"end":{"line":22,"column":22}},"13":{"start":{"line":23,"column":4},"end":{"line":23,"column":28}},"14":{"start":{"line":26,"column":27},"end":{"line":28,"column":3}},"15":{"start":{"line":27,"column":4},"end":{"line":27,"column":31}},"16":{"start":{"line":30,"column":2},"end":{"line":111,"column":4}},"17":{"start":{"line":70,"column":29},"end":{"line":70,"column":53}},"18":{"start":{"line":71,"column":12},"end":{"line":106,"column":14}},"19":{"start":{"line":82,"column":39},"end":{"line":82,"column":61}},"20":{"start":{"line":90,"column":39},"end":{"line":90,"column":58}},"21":{"start":{"line":99,"column":37},"end":{"line":99,"column":56}}},"fnMap":{"0":{"name":"(anonymous_0)","decl":{"start":{"line":9,"column":25},"end":{"line":9,"column":26}},"loc":{"start":{"line":9,"column":31},"end":{"line":112,"column":1}},"line":9},"1":{"name":"(anonymous_1)","decl":{"start":{"line":13,"column":27},"end":{"line":13,"column":28}},"loc":{"start":{"line":13,"column":38},"end":{"line":13,"column":48}},"line":13},"2":{"name":"(anonymous_2)","decl":{"start":{"line":16,"column":26},"end":{"line":16,"column":27}},"loc":{"start":{"line":16,"column":38},"end":{"line":19,"column":3}},"line":16},"3":{"name":"(anonymous_3)","decl":{"start":{"line":17,"column":27},"end":{"line":17,"column":28}},"loc":{"start":{"line":17,"column":41},"end":{"line":17,"column":63}},"line":17},"4":{"name":"(anonymous_4)","decl":{"start":{"line":21,"column":24},"end":{"line":21,"column":25}},"loc":{"start":{"line":21,"column":34},"end":{"line":24,"column":3}},"line":21},"5":{"name":"(anonymous_5)","decl":{"start":{"line":26,"column":27},"end":{"line":26,"column":28}},"loc":{"start":{"line":26,"column":37},"end":{"line":28,"column":3}},"line":26},"6":{"name":"(anonymous_6)","decl":{"start":{"line":69,"column":33},"end":{"line":69,"column":34}},"loc":{"start":{"line":69,"column":43},"end":{"line":107,"column":11}},"line":69},"7":{"name":"(anonymous_7)","decl":{"start":{"line":82,"column":33},"end":{"line":82,"column":34}},"loc":{"start":{"line":82,"column":39},"end":{"line":82,"column":61}},"line":82},"8":{"name":"(anonymous_8)","decl":{"start":{"line":90,"column":33},"end":{"line":90,"column":34}},"loc":{"start":{"line":90,"column":39},"end":{"line":90,"column":58}},"line":90},"9":{"name":"(anonymous_9)","decl":{"start":{"line":99,"column":31},"end":{"line":99,"column":32}},"loc":{"start":{"line":99,"column":37},"end":{"line":99,"column":56}},"line":99}},"branchMap":{"0":{"loc":{"start":{"line":18,"column":11},"end":{"line":18,"column":35}},"type":"cond-expr","locations":[{"start":{"line":18,"column":18},"end":{"line":18,"column":31}},{"start":{"line":18,"column":34},"end":{"line":18,"column":35}}],"line":18},"1":{"loc":{"start":{"line":30,"column":9},"end":{"line":111,"column":3}},"type":"cond-expr","locations":[{"start":{"line":31,"column":4},"end":{"line":31,"column":15}},{"start":{"line":33,"column":4},"end":{"line":110,"column":10}}],"line":30},"2":{"loc":{"start":{"line":55,"column":42},"end":{"line":55,"column":78}},"type":"binary-expr","locations":[{"start":{"line":55,"column":42},"end":{"line":55,"column":69}},{"start":{"line":55,"column":73},"end":{"line":55,"column":78}}],"line":55},"3":{"loc":{"start":{"line":59,"column":15},"end":{"line":59,"column":52}},"type":"binary-expr","locations":[{"start":{"line":59,"column":15},"end":{"line":59,"column":43}},{"start":{"line":59,"column":47},"end":{"line":59,"column":52}}],"line":59},"4":{"loc":{"start":{"line":78,"column":19},"end":{"line":103,"column":19}},"type":"cond-expr","locations":[{"start":{"line":79,"column":20},"end":{"line":94,"column":23}},{"start":{"line":96,"column":20},"end":{"line":102,"column":29}}],"line":78}},"s":{"0":1,"1":4,"2":4,"3":4,"4":4,"5":7,"6":4,"7":4,"8":720,"9":719,"10":720,"11":4,"12":2,"13":2,"14":4,"15":0,"16":4,"17":720,"18":720,"19":0,"20":0,"21":2},"f":{"0":4,"1":7,"2":720,"3":719,"4":2,"5":0,"6":720,"7":0,"8":0,"9":2},"b":{"0":[3,717],"1":[1,3],"2":[3,0],"3":[3,0],"4":[3,717]},"_coverageSchema":"1a1c01bbd47fc00a2c39e90264f33305004495a9","hash":"fd3eca2afb76c367440868ea590241cbe6e3d4bd"}
,"/Users/himanshuyadav/Desktop/ReactJS/src/components/Shimmer.js": {"path":"/Users/himanshuyadav/Desktop/ReactJS/src/components/Shimmer.js","statementMap":{"0":{"start":{"line":3,"column":16},"end":{"line":16,"column":1}},"1":{"start":{"line":4,"column":2},"end":{"line":15,"column":4}},"2":{"start":{"line":9,"column":10},"end":{"line":12,"column":17}}},"fnMap":{"0":{"name":"(anonymous_0)","decl":{"start":{"line":3,"column":16},"end":{"line":3,"column":17}},"loc":{"start":{"line":3,"column":22},"end":{"line":16,"column":1}},"line":3},"1":{"name":"(anonymous_1)","decl":{"start":{"line":8,"column":13},"end":{"line":8,"column":14}},"loc":{"start":{"line":9,"column":10},"end":{"line":12,"column":17}},"line":9}},"branchMap":{},"s":{"0":2,"1":4,"2":80},"f":{"0":4,"1":80},"b":{},"_coverageSchema":"1a1c01bbd47fc00a2c39e90264f33305004495a9","hash":"d7c136e09c55014978bec06e7ebb774f12da6ee3"}
,"/Users/himanshuyadav/Desktop/ReactJS/src/mocks/data.js": {"path":"/Users/himanshuyadav/Desktop/ReactJS/src/mocks/data.js","statementMap":{"0":{"start":{"line":1,"column":25},"end":{"line":27753,"column":1}},"1":{"start":{"line":27755,"column":31},"end":{"line":35035,"column":1}}},"fnMap":{},"branchMap":{},"s":{"0":2,"1":2},"f":{},"b":{},"_coverageSchema":"1a1c01bbd47fc00a2c39e90264f33305004495a9","hash":"ab02f43a28ccfa16554185ef524facb1cf320c8d"}
,"/Users/himanshuyadav/Desktop/ReactJS/src/utils/store.js": {"path":"/Users/himanshuyadav/Desktop/ReactJS/src/utils/store.js","statementMap":{"0":{"start":{"line":4,"column":14},"end":{"line":8,"column":2}}},"fnMap":{},"branchMap":{},"s":{"0":3},"f":{},"b":{},"_coverageSchema":"1a1c01bbd47fc00a2c39e90264f33305004495a9","hash":"ef7bb12c491d76a9258da52cceba2054d717e37a"}
}
