TN:
SF:src/components/Body.js
FN:9,(anonymous_0)
FN:16,(anonymous_1)
FN:20,getRestaurants
FN:44,(anonymous_3)
FN:63,(anonymous_4)
FN:77,(anonymous_5)
FNF:6
FNH:6
FNDA:8,(anonymous_0)
FNDA:3,(anonymous_1)
FNDA:3,getRestaurants
FNDA:1,(anonymous_3)
FNDA:1,(anonymous_4)
FNDA:60,(anonymous_5)
DA:9,1
DA:10,8
DA:11,7
DA:12,7
DA:14,7
DA:16,7
DA:17,3
DA:21,3
DA:25,3
DA:27,3
DA:30,3
DA:31,3
DA:34,7
DA:36,7
DA:37,0
DA:44,7
DA:45,1
DA:46,1
DA:49,7
DA:51,7
DA:63,1
DA:78,60
LF:22
LH:21
BRDA:30,0,0,3
BRDA:30,0,1,0
BRDA:31,1,0,3
BRDA:31,1,1,0
BRDA:36,2,0,0
BRDA:36,2,1,7
BRDA:49,3,0,0
BRDA:49,3,1,7
BRDA:51,4,0,3
BRDA:51,4,1,4
BRDA:76,5,0,3
BRDA:76,5,1,1
BRF:12
BRH:8
end_of_record
TN:
SF:src/components/Card.js
FN:3,(anonymous_0)
FNF:1
FNH:1
FNDA:60,(anonymous_0)
DA:3,1
DA:4,60
LF:2
LH:2
BRDA:17,0,0,60
BRDA:17,0,1,33
BRF:2
BRH:2
end_of_record
TN:
SF:src/components/Header.js
FN:8,(anonymous_0)
FN:15,(anonymous_1)
FN:23,(anonymous_2)
FN:25,(anonymous_3)
FN:77,(anonymous_4)
FN:84,(anonymous_5)
FN:95,(anonymous_6)
FN:123,(anonymous_7)
FN:147,(anonymous_8)
FN:156,(anonymous_9)
FN:165,(anonymous_10)
FN:174,(anonymous_11)
FN:183,(anonymous_12)
FN:191,(anonymous_13)
FN:198,(anonymous_14)
FNF:15
FNH:4
FNDA:6,(anonymous_0)
FNDA:6,(anonymous_1)
FNDA:12,(anonymous_2)
FNDA:3,(anonymous_3)
FNDA:0,(anonymous_4)
FNDA:0,(anonymous_5)
FNDA:0,(anonymous_6)
FNDA:0,(anonymous_7)
FNDA:0,(anonymous_8)
FNDA:0,(anonymous_9)
FNDA:0,(anonymous_10)
FNDA:0,(anonymous_11)
FNDA:0,(anonymous_12)
FNDA:0,(anonymous_13)
FNDA:0,(anonymous_14)
DA:8,2
DA:9,6
DA:15,2
DA:16,6
DA:17,6
DA:19,6
DA:20,6
DA:22,6
DA:23,12
DA:24,6
DA:25,3
DA:29,6
DA:31,6
DA:77,0
DA:84,0
DA:95,0
DA:123,0
DA:147,0
DA:156,0
DA:165,0
DA:174,0
DA:183,0
DA:191,0
DA:198,0
LF:24
LH:13
BRDA:73,0,0,6
BRDA:73,0,1,0
BRDA:75,1,0,0
BRDA:75,1,1,6
BRDA:117,2,0,6
BRDA:117,2,1,0
BRDA:189,3,0,0
BRDA:189,3,1,0
BRF:8
BRH:3
end_of_record
TN:
SF:src/components/RestaurantDetail.js
FN:9,(anonymous_0)
FN:13,(anonymous_1)
FN:16,(anonymous_2)
FN:17,(anonymous_3)
FN:21,(anonymous_4)
FN:26,(anonymous_5)
FN:69,(anonymous_6)
FN:82,(anonymous_7)
FN:90,(anonymous_8)
FN:99,(anonymous_9)
FNF:10
FNH:7
FNDA:4,(anonymous_0)
FNDA:7,(anonymous_1)
FNDA:720,(anonymous_2)
FNDA:719,(anonymous_3)
FNDA:2,(anonymous_4)
FNDA:0,(anonymous_5)
FNDA:720,(anonymous_6)
FNDA:0,(anonymous_7)
FNDA:0,(anonymous_8)
FNDA:2,(anonymous_9)
DA:9,1
DA:10,4
DA:11,4
DA:12,4
DA:13,7
DA:14,4
DA:16,4
DA:17,720
DA:18,720
DA:21,4
DA:22,2
DA:23,2
DA:26,4
DA:27,0
DA:30,4
DA:70,720
DA:71,720
DA:82,0
DA:90,0
DA:99,2
LF:20
LH:17
BRDA:18,0,0,3
BRDA:18,0,1,717
BRDA:30,1,0,1
BRDA:30,1,1,3
BRDA:55,2,0,3
BRDA:55,2,1,0
BRDA:59,3,0,3
BRDA:59,3,1,0
BRDA:78,4,0,3
BRDA:78,4,1,717
BRF:10
BRH:8
end_of_record
TN:
SF:src/components/Shimmer.js
FN:3,(anonymous_0)
FN:8,(anonymous_1)
FNF:2
FNH:2
FNDA:4,(anonymous_0)
FNDA:80,(anonymous_1)
DA:3,2
DA:4,4
DA:9,80
LF:3
LH:3
BRF:0
BRH:0
end_of_record
TN:
SF:src/mocks/data.js
FNF:0
FNH:0
DA:1,2
DA:27755,2
LF:2
LH:2
BRF:0
BRH:0
end_of_record
TN:
SF:src/utils/store.js
FNF:0
FNH:0
DA:4,3
LF:1
LH:1
BRF:0
BRH:0
end_of_record
